running develop
running egg_info
creating york.egg-info
writing york.egg-info/PKG-INFO
writing dependency_links to york.egg-info/dependency_links.txt
writing requirements to york.egg-info/requires.txt
writing top-level names to york.egg-info/top_level.txt
writing manifest file 'york.egg-info/SOURCES.txt'
reading manifest file 'york.egg-info/SOURCES.txt'
writing manifest file 'york.egg-info/SOURCES.txt'
running build_ext
Creating /home/user/york_ws/src/york/install/york/lib/python3.12/site-packages/york.egg-link (link to .)

Installed /home/user/york_ws/src/york/build/york
running symlink_data
creating /home/user/york_ws/src/york/install/york/share/ament_index
creating /home/user/york_ws/src/york/install/york/share/ament_index/resource_index
creating /home/user/york_ws/src/york/install/york/share/ament_index/resource_index/packages
symbolically linking /home/user/york_ws/src/york/build/york/resource/york -> /home/user/york_ws/src/york/install/york/share/ament_index/resource_index/packages
symbolically linking /home/user/york_ws/src/york/build/york/package.xml -> /home/user/york_ws/src/york/install/york/share/york
creating /home/user/york_ws/src/york/install/york/share/york/launch
symbolically linking /home/user/york_ws/src/york/build/york/launch/display.launch.py -> /home/user/york_ws/src/york/install/york/share/york/launch
creating /home/user/york_ws/src/york/install/york/share/york/model
symbolically linking /home/user/york_ws/src/york/build/york/model/robot.urdf.xacro -> /home/user/york_ws/src/york/install/york/share/york/model
creating /home/user/york_ws/src/york/install/york/share/york/model/meshes
symbolically linking /home/user/york_ws/src/york/build/york/model/meshes/blw_Link.STL -> /home/user/york_ws/src/york/install/york/share/york/model/meshes
symbolically linking /home/user/york_ws/src/york/build/york/model/meshes/p_Link.STL -> /home/user/york_ws/src/york/install/york/share/york/model/meshes
symbolically linking /home/user/york_ws/src/york/build/york/model/meshes/flw_Link.STL -> /home/user/york_ws/src/york/install/york/share/york/model/meshes
symbolically linking /home/user/york_ws/src/york/build/york/model/meshes/frw_Link.STL -> /home/user/york_ws/src/york/install/york/share/york/model/meshes
symbolically linking /home/user/york_ws/src/york/build/york/model/meshes/base_link.STL -> /home/user/york_ws/src/york/install/york/share/york/model/meshes
symbolically linking /home/user/york_ws/src/york/build/york/model/meshes/print_Link.STL -> /home/user/york_ws/src/york/install/york/share/york/model/meshes
symbolically linking /home/user/york_ws/src/york/build/york/model/meshes/up_Link.STL -> /home/user/york_ws/src/york/install/york/share/york/model/meshes
symbolically linking /home/user/york_ws/src/york/build/york/model/meshes/brw_Link.STL -> /home/user/york_ws/src/york/install/york/share/york/model/meshes
symbolically linking /home/user/york_ws/src/york/build/york/model/meshes/fb_Link.STL -> /home/user/york_ws/src/york/install/york/share/york/model/meshes
creating /home/user/york_ws/src/york/install/york/share/york/model/urdf
symbolically linking /home/user/york_ws/src/york/build/york/model/urdf/york_base.urdf -> /home/user/york_ws/src/york/install/york/share/york/model/urdf
creating /home/user/york_ws/src/york/install/york/share/york/config
symbolically linking /home/user/york_ws/src/york/build/york/config/config_file.rviz -> /home/user/york_ws/src/york/install/york/share/york/config
