[0.576s] Invoking command in '/home/user/york_ws/src/york/build/york': DEBUGINFOD_URLS=https://debuginfod.ubuntu.com PYTHONPATH=/home/user/york_ws/src/york/build/york/prefix_override:/usr/lib/python3/dist-packages/colcon_core/task/python/colcon_distutils_commands:/home/user/york_ws/src/york/install/york/lib/python3.12/site-packages:${PYTHONPATH} /usr/bin/python3 -W ignore:setup.py install is deprecated setup.py develop --editable --build-directory /home/user/york_ws/src/york/build/york/build --no-deps symlink_data
[0.774s] running develop
[0.884s] running egg_info
[0.884s] creating york.egg-info
[0.894s] writing york.egg-info/PKG-INFO
[0.894s] writing dependency_links to york.egg-info/dependency_links.txt
[0.894s] writing requirements to york.egg-info/requires.txt
[0.894s] writing top-level names to york.egg-info/top_level.txt
[0.894s] writing manifest file 'york.egg-info/SOURCES.txt'
[0.916s] reading manifest file 'york.egg-info/SOURCES.txt'
[0.916s] writing manifest file 'york.egg-info/SOURCES.txt'
[0.929s] running build_ext
[0.929s] Creating /home/user/york_ws/src/york/install/york/lib/python3.12/site-packages/york.egg-link (link to .)
[0.929s] 
[0.929s] Installed /home/user/york_ws/src/york/build/york
[0.930s] running symlink_data
[0.930s] creating /home/user/york_ws/src/york/install/york/share/ament_index
[0.930s] creating /home/user/york_ws/src/york/install/york/share/ament_index/resource_index
[0.930s] creating /home/user/york_ws/src/york/install/york/share/ament_index/resource_index/packages
[0.930s] symbolically linking /home/user/york_ws/src/york/build/york/resource/york -> /home/user/york_ws/src/york/install/york/share/ament_index/resource_index/packages
[0.930s] symbolically linking /home/user/york_ws/src/york/build/york/package.xml -> /home/user/york_ws/src/york/install/york/share/york
[0.930s] creating /home/user/york_ws/src/york/install/york/share/york/launch
[0.930s] symbolically linking /home/user/york_ws/src/york/build/york/launch/display.launch.py -> /home/user/york_ws/src/york/install/york/share/york/launch
[0.930s] creating /home/user/york_ws/src/york/install/york/share/york/model
[0.930s] symbolically linking /home/user/york_ws/src/york/build/york/model/robot.urdf.xacro -> /home/user/york_ws/src/york/install/york/share/york/model
[0.930s] creating /home/user/york_ws/src/york/install/york/share/york/model/meshes
[0.930s] symbolically linking /home/user/york_ws/src/york/build/york/model/meshes/blw_Link.STL -> /home/user/york_ws/src/york/install/york/share/york/model/meshes
[0.931s] symbolically linking /home/user/york_ws/src/york/build/york/model/meshes/p_Link.STL -> /home/user/york_ws/src/york/install/york/share/york/model/meshes
[0.931s] symbolically linking /home/user/york_ws/src/york/build/york/model/meshes/flw_Link.STL -> /home/user/york_ws/src/york/install/york/share/york/model/meshes
[0.931s] symbolically linking /home/user/york_ws/src/york/build/york/model/meshes/frw_Link.STL -> /home/user/york_ws/src/york/install/york/share/york/model/meshes
[0.931s] symbolically linking /home/user/york_ws/src/york/build/york/model/meshes/base_link.STL -> /home/user/york_ws/src/york/install/york/share/york/model/meshes
[0.931s] symbolically linking /home/user/york_ws/src/york/build/york/model/meshes/print_Link.STL -> /home/user/york_ws/src/york/install/york/share/york/model/meshes
[0.931s] symbolically linking /home/user/york_ws/src/york/build/york/model/meshes/up_Link.STL -> /home/user/york_ws/src/york/install/york/share/york/model/meshes
[0.931s] symbolically linking /home/user/york_ws/src/york/build/york/model/meshes/brw_Link.STL -> /home/user/york_ws/src/york/install/york/share/york/model/meshes
[0.931s] symbolically linking /home/user/york_ws/src/york/build/york/model/meshes/fb_Link.STL -> /home/user/york_ws/src/york/install/york/share/york/model/meshes
[0.931s] creating /home/user/york_ws/src/york/install/york/share/york/model/urdf
[0.931s] symbolically linking /home/user/york_ws/src/york/build/york/model/urdf/york_base.urdf -> /home/user/york_ws/src/york/install/york/share/york/model/urdf
[0.931s] creating /home/user/york_ws/src/york/install/york/share/york/config
[0.931s] symbolically linking /home/user/york_ws/src/york/build/york/config/config_file.rviz -> /home/user/york_ws/src/york/install/york/share/york/config
[0.958s] Invoked command in '/home/user/york_ws/src/york/build/york' returned '0': DEBUGINFOD_URLS=https://debuginfod.ubuntu.com PYTHONPATH=/home/user/york_ws/src/york/build/york/prefix_override:/usr/lib/python3/dist-packages/colcon_core/task/python/colcon_distutils_commands:/home/user/york_ws/src/york/install/york/lib/python3.12/site-packages:${PYTHONPATH} /usr/bin/python3 -W ignore:setup.py install is deprecated setup.py develop --editable --build-directory /home/user/york_ws/src/york/build/york/build --no-deps symlink_data
