[0.063s] DEBUG:colcon:Command line arguments: ['/usr/bin/colcon', 'build', '--symlink-install']
[0.063s] DEBUG:colcon:Parsed command line arguments: Namespace(log_base=None, log_level=None, verb_name='build', build_base='build', install_base='install', merge_install=False, symlink_install=True, test_result_base=None, continue_on_error=False, executor='parallel', parallel_workers=4, event_handlers=None, ignore_user_meta=False, metas=['./colcon.meta'], base_paths=['.'], packages_ignore=None, packages_ignore_regex=None, paths=None, packages_up_to=None, packages_up_to_regex=None, packages_above=None, packages_above_and_dependencies=None, packages_above_depth=None, packages_select_by_dep=None, packages_skip_by_dep=None, packages_skip_up_to=None, packages_select_build_failed=False, packages_skip_build_finished=False, packages_select_test_failures=False, packages_skip_test_passed=False, packages_select=None, packages_skip=None, packages_select_regex=None, packages_skip_regex=None, packages_start=None, packages_end=None, allow_overriding=[], cmake_args=None, cmake_target=None, cmake_target_skip_unavailable=False, cmake_clean_cache=False, cmake_clean_first=False, cmake_force_configure=False, ament_cmake_args=None, catkin_cmake_args=None, catkin_skip_building_tests=False, mixin_files=None, mixin=None, verb_parser=<colcon_mixin.mixin.mixin_argument.MixinArgumentDecorator object at 0x75d78287af30>, verb_extension=<colcon_core.verb.build.BuildVerb object at 0x75d78287ac00>, main=<bound method BuildVerb.main of <colcon_core.verb.build.BuildVerb object at 0x75d78287ac00>>, mixin_verb=('build',))
[0.085s] Level 1:colcon.colcon_core.package_discovery:discover_packages(colcon_meta) check parameters
[0.085s] Level 1:colcon.colcon_core.package_discovery:discover_packages(recursive) check parameters
[0.085s] Level 1:colcon.colcon_core.package_discovery:discover_packages(ignore) check parameters
[0.086s] Level 1:colcon.colcon_core.package_discovery:discover_packages(path) check parameters
[0.086s] Level 1:colcon.colcon_core.package_discovery:discover_packages(colcon_meta) discover
[0.086s] Level 1:colcon.colcon_core.package_discovery:discover_packages(recursive) discover
[0.086s] INFO:colcon.colcon_core.package_discovery:Crawling recursively for packages in '/home/user/york_ws/src/york'
[0.086s] Level 1:colcon.colcon_core.package_identification:_identify(.) by extensions ['ignore', 'ignore_ament_install']
[0.086s] Level 1:colcon.colcon_core.package_identification:_identify(.) by extension 'ignore'
[0.086s] Level 1:colcon.colcon_core.package_identification:_identify(.) by extension 'ignore_ament_install'
[0.086s] Level 1:colcon.colcon_core.package_identification:_identify(.) by extensions ['colcon_pkg']
[0.086s] Level 1:colcon.colcon_core.package_identification:_identify(.) by extension 'colcon_pkg'
[0.086s] Level 1:colcon.colcon_core.package_identification:_identify(.) by extensions ['colcon_meta']
[0.086s] Level 1:colcon.colcon_core.package_identification:_identify(.) by extension 'colcon_meta'
[0.086s] Level 1:colcon.colcon_core.package_identification:_identify(.) by extensions ['ros']
[0.086s] Level 1:colcon.colcon_core.package_identification:_identify(.) by extension 'ros'
[0.103s] DEBUG:colcon.colcon_core.package_identification:Package '.' with type 'ros.ament_python' and name 'york'
[0.103s] Level 1:colcon.colcon_core.package_discovery:discover_packages(recursive) using defaults
[0.103s] Level 1:colcon.colcon_core.package_discovery:discover_packages(ignore) discover
[0.103s] Level 1:colcon.colcon_core.package_discovery:discover_packages(ignore) using defaults
[0.103s] Level 1:colcon.colcon_core.package_discovery:discover_packages(path) discover
[0.103s] Level 1:colcon.colcon_core.package_discovery:discover_packages(path) using defaults
[0.114s] Level 1:colcon.colcon_core.package_discovery:discover_packages(prefix_path) check parameters
[0.114s] Level 1:colcon.colcon_core.package_discovery:discover_packages(prefix_path) discover
[0.115s] DEBUG:colcon.colcon_installed_package_information.package_discovery:Found 413 installed packages in /opt/ros/jazzy
[0.116s] Level 1:colcon.colcon_core.package_discovery:discover_packages(prefix_path) using defaults
[0.147s] Level 5:colcon.colcon_core.verb:set package 'york' build argument 'cmake_args' from command line to 'None'
[0.147s] Level 5:colcon.colcon_core.verb:set package 'york' build argument 'cmake_target' from command line to 'None'
[0.147s] Level 5:colcon.colcon_core.verb:set package 'york' build argument 'cmake_target_skip_unavailable' from command line to 'False'
[0.147s] Level 5:colcon.colcon_core.verb:set package 'york' build argument 'cmake_clean_cache' from command line to 'False'
[0.147s] Level 5:colcon.colcon_core.verb:set package 'york' build argument 'cmake_clean_first' from command line to 'False'
[0.148s] Level 5:colcon.colcon_core.verb:set package 'york' build argument 'cmake_force_configure' from command line to 'False'
[0.148s] Level 5:colcon.colcon_core.verb:set package 'york' build argument 'ament_cmake_args' from command line to 'None'
[0.148s] Level 5:colcon.colcon_core.verb:set package 'york' build argument 'catkin_cmake_args' from command line to 'None'
[0.148s] Level 5:colcon.colcon_core.verb:set package 'york' build argument 'catkin_skip_building_tests' from command line to 'False'
[0.148s] DEBUG:colcon.colcon_core.verb:Building package 'york' with the following arguments: {'ament_cmake_args': None, 'build_base': '/home/user/york_ws/src/york/build/york', 'catkin_cmake_args': None, 'catkin_skip_building_tests': False, 'cmake_args': None, 'cmake_clean_cache': False, 'cmake_clean_first': False, 'cmake_force_configure': False, 'cmake_target': None, 'cmake_target_skip_unavailable': False, 'install_base': '/home/user/york_ws/src/york/install/york', 'merge_install': False, 'path': '/home/user/york_ws/src/york', 'symlink_install': True, 'test_result_base': None}
[0.148s] INFO:colcon.colcon_core.executor:Executing jobs using 'parallel' executor
[0.150s] DEBUG:colcon.colcon_parallel_executor.executor.parallel:run_until_complete
[0.150s] INFO:colcon.colcon_ros.task.ament_python.build:Building ROS package in '/home/user/york_ws/src/york' with build type 'ament_python'
[0.150s] Level 1:colcon.colcon_core.shell:create_environment_hook('york', 'ament_prefix_path')
[0.152s] INFO:colcon.colcon_core.plugin_system:Skipping extension 'colcon_core.shell.bat': Not used on non-Windows systems
[0.153s] INFO:colcon.colcon_core.shell:Creating environment hook '/home/user/york_ws/src/york/install/york/share/york/hook/ament_prefix_path.ps1'
[0.153s] INFO:colcon.colcon_core.shell:Creating environment descriptor '/home/user/york_ws/src/york/install/york/share/york/hook/ament_prefix_path.dsv'
[0.154s] INFO:colcon.colcon_core.shell:Creating environment hook '/home/user/york_ws/src/york/install/york/share/york/hook/ament_prefix_path.sh'
[0.155s] INFO:colcon.colcon_core.shell:Skip shell extension 'powershell' for command environment: Not usable outside of PowerShell
[0.155s] DEBUG:colcon.colcon_core.shell:Skip shell extension 'dsv' for command environment
[0.325s] INFO:colcon.colcon_core.task.python.build:Building Python package in '/home/user/york_ws/src/york'
[0.325s] INFO:colcon.colcon_core.shell:Skip shell extension 'powershell' for command environment: Not usable outside of PowerShell
[0.326s] DEBUG:colcon.colcon_core.shell:Skip shell extension 'dsv' for command environment
[0.726s] DEBUG:colcon.colcon_core.event_handler.log_command:Invoking command in '/home/user/york_ws/src/york/build/york': DEBUGINFOD_URLS=https://debuginfod.ubuntu.com PYTHONPATH=/home/user/york_ws/src/york/build/york/prefix_override:/usr/lib/python3/dist-packages/colcon_core/task/python/colcon_distutils_commands:/home/user/york_ws/src/york/install/york/lib/python3.12/site-packages:${PYTHONPATH} /usr/bin/python3 -W ignore:setup.py install is deprecated setup.py develop --editable --build-directory /home/user/york_ws/src/york/build/york/build --no-deps symlink_data
[1.107s] Level 1:colcon.colcon_core.shell:create_environment_hook('york', 'pythonpath_develop')
[1.108s] DEBUG:colcon.colcon_core.event_handler.log_command:Invoked command in '/home/user/york_ws/src/york/build/york' returned '0': DEBUGINFOD_URLS=https://debuginfod.ubuntu.com PYTHONPATH=/home/user/york_ws/src/york/build/york/prefix_override:/usr/lib/python3/dist-packages/colcon_core/task/python/colcon_distutils_commands:/home/user/york_ws/src/york/install/york/lib/python3.12/site-packages:${PYTHONPATH} /usr/bin/python3 -W ignore:setup.py install is deprecated setup.py develop --editable --build-directory /home/user/york_ws/src/york/build/york/build --no-deps symlink_data
[1.108s] INFO:colcon.colcon_core.shell:Creating environment hook '/home/user/york_ws/src/york/build/york/share/york/hook/pythonpath_develop.ps1'
[1.109s] INFO:colcon.colcon_core.shell:Creating environment descriptor '/home/user/york_ws/src/york/build/york/share/york/hook/pythonpath_develop.dsv'
[1.109s] INFO:colcon.colcon_core.shell:Creating environment hook '/home/user/york_ws/src/york/build/york/share/york/hook/pythonpath_develop.sh'
[1.111s] Level 1:colcon.colcon_core.environment:checking '/home/user/york_ws/src/york/install/york' for CMake module files
[1.112s] Level 1:colcon.colcon_core.environment:checking '/home/user/york_ws/src/york/install/york' for CMake config files
[1.112s] Level 1:colcon.colcon_core.environment:checking '/home/user/york_ws/src/york/install/york/lib'
[1.112s] Level 1:colcon.colcon_core.environment:checking '/home/user/york_ws/src/york/install/york/bin'
[1.112s] Level 1:colcon.colcon_core.environment:checking '/home/user/york_ws/src/york/install/york/lib/pkgconfig/york.pc'
[1.112s] Level 1:colcon.colcon_core.environment:checking '/home/user/york_ws/src/york/install/york/lib/python3.12/site-packages'
[1.113s] Level 1:colcon.colcon_core.shell:create_environment_hook('york', 'pythonpath')
[1.113s] INFO:colcon.colcon_core.shell:Creating environment hook '/home/user/york_ws/src/york/install/york/share/york/hook/pythonpath.ps1'
[1.113s] INFO:colcon.colcon_core.shell:Creating environment descriptor '/home/user/york_ws/src/york/install/york/share/york/hook/pythonpath.dsv'
[1.113s] INFO:colcon.colcon_core.shell:Creating environment hook '/home/user/york_ws/src/york/install/york/share/york/hook/pythonpath.sh'
[1.113s] Level 1:colcon.colcon_core.environment:checking '/home/user/york_ws/src/york/install/york/bin'
[1.113s] Level 1:colcon.colcon_core.environment:create_environment_scripts_only(york)
[1.113s] INFO:colcon.colcon_core.shell:Creating package script '/home/user/york_ws/src/york/install/york/share/york/package.ps1'
[1.114s] INFO:colcon.colcon_core.shell:Creating package descriptor '/home/user/york_ws/src/york/install/york/share/york/package.dsv'
[1.114s] INFO:colcon.colcon_core.shell:Creating package script '/home/user/york_ws/src/york/install/york/share/york/package.sh'
[1.114s] INFO:colcon.colcon_core.shell:Creating package script '/home/user/york_ws/src/york/install/york/share/york/package.bash'
[1.115s] INFO:colcon.colcon_core.shell:Creating package script '/home/user/york_ws/src/york/install/york/share/york/package.zsh'
[1.115s] Level 1:colcon.colcon_core.environment:create_file_with_runtime_dependencies(/home/user/york_ws/src/york/install/york/share/colcon-core/packages/york)
[1.115s] DEBUG:colcon.colcon_parallel_executor.executor.parallel:closing loop
[1.116s] DEBUG:colcon.colcon_parallel_executor.executor.parallel:loop closed
[1.116s] DEBUG:colcon.colcon_parallel_executor.executor.parallel:run_until_complete finished with '0'
[1.116s] DEBUG:colcon.colcon_core.event_reactor:joining thread
[1.120s] INFO:colcon.colcon_core.plugin_system:Skipping extension 'colcon_notification.desktop_notification.terminal_notifier': Not used on non-Darwin systems
[1.120s] INFO:colcon.colcon_core.plugin_system:Skipping extension 'colcon_notification.desktop_notification.win32': Not used on non-Windows systems
[1.120s] INFO:colcon.colcon_notification.desktop_notification:Sending desktop notification using 'notify2'
[1.140s] DEBUG:colcon.colcon_core.event_reactor:joined thread
[1.140s] INFO:colcon.colcon_core.shell:Creating prefix script '/home/user/york_ws/src/york/install/local_setup.ps1'
[1.140s] INFO:colcon.colcon_core.shell:Creating prefix util module '/home/user/york_ws/src/york/install/_local_setup_util_ps1.py'
[1.141s] INFO:colcon.colcon_core.shell:Creating prefix chain script '/home/user/york_ws/src/york/install/setup.ps1'
[1.142s] INFO:colcon.colcon_core.shell:Creating prefix script '/home/user/york_ws/src/york/install/local_setup.sh'
[1.142s] INFO:colcon.colcon_core.shell:Creating prefix util module '/home/user/york_ws/src/york/install/_local_setup_util_sh.py'
[1.142s] INFO:colcon.colcon_core.shell:Creating prefix chain script '/home/user/york_ws/src/york/install/setup.sh'
[1.143s] INFO:colcon.colcon_core.shell:Creating prefix script '/home/user/york_ws/src/york/install/local_setup.bash'
[1.143s] INFO:colcon.colcon_core.shell:Creating prefix chain script '/home/user/york_ws/src/york/install/setup.bash'
[1.143s] INFO:colcon.colcon_core.shell:Creating prefix script '/home/user/york_ws/src/york/install/local_setup.zsh'
[1.144s] INFO:colcon.colcon_core.shell:Creating prefix chain script '/home/user/york_ws/src/york/install/setup.zsh'
